c:\users\renan\desktop\theorie des graphes\graphes\graphes\debug\vc142.pdb
c:\users\renan\desktop\theorie des graphes\graphes\graphes\debug\vc142.idb
c:\users\renan\desktop\theorie des graphes\graphes\graphes\debug\graphes.obj
c:\users\renan\desktop\theorie des graphes\graphes\graphes\debug\source.obj
c:\users\renan\desktop\theorie des graphes\graphes\graphes\debug\sommet.obj
c:\users\renan\desktop\theorie des graphes\graphes\debug\graphes.exe
c:\users\renan\desktop\theorie des graphes\graphes\debug\graphes.ilk
c:\users\renan\desktop\theorie des graphes\graphes\debug\graphes.pdb
d:\cime art\graphes\graphes\debug\graphes.obj
d:\cime art\graphes\graphes\debug\sommet.obj
d:\cime art\graphes\graphes\debug\source.obj
d:\cime art\graphes\graphes\debug\graphes.obj.enc
d:\cime art\graphes\graphes\debug\vc142.idb
d:\cime art\graphes\graphes\debug\vc142.pdb
d:\cime art\graphes\debug\graphes.pdb
d:\cime art\graphes\debug\graphes.exe
d:\cime art\graphes\debug\graphes.ilk
d:\cime art\graphes\graphes\debug\graphes.tlog\cl.command.1.tlog
d:\cime art\graphes\graphes\debug\graphes.tlog\cl.read.1.tlog
d:\cime art\graphes\graphes\debug\graphes.tlog\cl.write.1.tlog
d:\cime art\graphes\graphes\debug\graphes.tlog\link.command.1.tlog
d:\cime art\graphes\graphes\debug\graphes.tlog\link.read.1.tlog
d:\cime art\graphes\graphes\debug\graphes.tlog\link.write.1.tlog
